2020-07-01 21:12:31,270 DEBUG com.bitlab.principal.Proyecto4 [main] se esta enviado el correo a datosCorreo
2020-07-01 21:12:35,299 DEBUG com.bitlab.principal.Proyecto4 [main] se esta enviado el mensaje a datosCorreo
2020-07-01 21:12:35,299 DEBUG com.bitlab.principal.Proyecto4 [main] se empieza con el proceso de envio de correo
2020-07-01 21:12:47,303 DEBUG com.bitlab.principal.Proyecto4 [main] mostrando el select de la consulta
2020-07-02 17:47:39,774 DEBUG com.bitlab.principal.Proyecto4 [main] EL servidor espera conexion en el puerto 8888
2020-07-02 17:47:59,582 DEBUG com.bitlab.principal.Proyecto4 [main] El cliente ha sido aceptado satisfactoriamente
2020-07-02 17:48:01,752 DEBUG com.bitlab.principal.Proyecto4 [main] mostrando el select de la consulta 

2020-07-02 17:48:08,820 DEBUG com.bitlab.principal.Proyecto4 [main] EL servidor espera conexion en el puerto 8888
2020-07-02 17:48:13,066 DEBUG com.bitlab.principal.Proyecto4 [main] El cliente ha sido aceptado satisfactoriamente
2020-07-02 17:48:21,571 DEBUG com.bitlab.principal.Proyecto4 [main] se esta apagando el servidor
2020-07-02 17:48:21,572 DEBUG com.bitlab.principal.Proyecto4 [main] el cliente ha apagado el servidor y el correo ha sido enviado al administrador
2020-07-02 17:48:22,573 DEBUG com.bitlab.principal.Proyecto4 [main] ¡APAGANDO EL SERVIDOR!
2020-07-02 19:37:29,176 DEBUG com.bitlab.principal.Proyecto4 [main] EL servidor espera conexion en el puerto 8888
2020-07-02 19:37:35,926 DEBUG com.bitlab.principal.Proyecto4 [main] El cliente ha sido aceptado satisfactoriamente
2020-07-02 19:37:39,311 DEBUG com.bitlab.principal.Proyecto4 [main] mostrando el select de la consulta 

2020-07-02 19:38:19,647 DEBUG com.bitlab.principal.Proyecto4 [main] EL servidor espera conexion en el puerto 8888
2020-07-02 19:38:23,343 DEBUG com.bitlab.principal.Proyecto4 [main] El cliente ha sido aceptado satisfactoriamente
2020-07-02 19:38:27,105 DEBUG com.bitlab.principal.Proyecto4 [main] mostrando el select de la consulta 

2020-07-02 19:38:43,281 DEBUG com.bitlab.principal.Proyecto4 [main] EL servidor espera conexion en el puerto 8888
2020-07-02 19:38:46,921 DEBUG com.bitlab.principal.Proyecto4 [main] El cliente ha sido aceptado satisfactoriamente
2020-07-02 19:38:51,428 DEBUG com.bitlab.principal.Proyecto4 [main] se esta apagando el servidor
2020-07-02 19:38:51,429 DEBUG com.bitlab.principal.Proyecto4 [main] el cliente ha apagado el servidor y el correo ha sido enviado al administrador
2020-07-02 19:38:52,430 DEBUG com.bitlab.principal.Proyecto4 [main] ¡APAGANDO EL SERVIDOR!
2020-07-03 12:00:08,654 DEBUG com.bitlab.principal.Proyecto4 [main] EL servidor espera conexion en el puerto 8888
2020-07-03 12:00:51,364 DEBUG com.bitlab.principal.Proyecto4 [main] El cliente ha sido aceptado satisfactoriamente
2020-07-03 12:01:22,939 DEBUG com.bitlab.principal.Proyecto4 [main] se esta apagando el servidor
2020-07-03 12:01:22,939 DEBUG com.bitlab.principal.Proyecto4 [main] el cliente ha apagado el servidor y el correo ha sido enviado al administrador
2020-07-03 12:01:23,943 DEBUG com.bitlab.principal.Proyecto4 [main] ¡APAGANDO EL SERVIDOR!
2020-07-03 16:18:28,982 DEBUG com.bitlab.principal.Proyecto4 [main] EL servidor espera conexion en el puerto 8888
2020-07-03 16:24:02,511 DEBUG com.bitlab.principal.Proyecto4 [main] El cliente ha sido aceptado satisfactoriamente
2020-07-03 21:11:46,896 DEBUG com.bitlab.principal.Proyecto4 [main] EL servidor espera conexion en el puerto 8888
2020-07-03 21:11:55,820 DEBUG com.bitlab.principal.Proyecto4 [main] El cliente ha sido aceptado satisfactoriamente
2020-07-03 21:12:01,536 DEBUG com.bitlab.principal.Proyecto4 [main] EL servidor espera conexion en el puerto 8888
2020-07-03 21:12:56,364 DEBUG com.bitlab.principal.Proyecto4 [main] El cliente ha sido aceptado satisfactoriamente
2020-07-03 21:13:01,613 DEBUG com.bitlab.principal.Proyecto4 [main] se esta apagando el servidor
2020-07-03 21:13:01,613 DEBUG com.bitlab.principal.Proyecto4 [main] el cliente ha apagado el servidor y el correo ha sido enviado al administrador
2020-07-03 21:13:02,615 DEBUG com.bitlab.principal.Proyecto4 [main] ¡APAGANDO EL SERVIDOR!
2020-07-03 21:18:26,068 DEBUG com.bitlab.principal.Proyecto4 [main] EL servidor espera conexion en el puerto 8888
2020-07-03 21:18:27,684 DEBUG com.bitlab.principal.Proyecto4 [main] El cliente ha sido aceptado satisfactoriamente
2020-07-03 21:18:52,398 DEBUG com.bitlab.principal.Proyecto4 [main] EL servidor espera conexion en el puerto 8888
2020-07-03 21:18:52,399 DEBUG com.bitlab.principal.Proyecto4 [main] El cliente ha sido aceptado satisfactoriamente
2020-07-03 21:26:45,418 DEBUG com.bitlab.principal.Proyecto4 [main] EL servidor espera conexion en el puerto 8888
2020-07-03 21:27:00,454 DEBUG com.bitlab.principal.Proyecto4 [main] El cliente ha sido aceptado satisfactoriamente
2020-07-03 21:29:16,617 DEBUG com.bitlab.principal.Proyecto4 [main] EL servidor espera conexion en el puerto 8888
2020-07-03 21:29:20,564 DEBUG com.bitlab.principal.Proyecto4 [main] El cliente ha sido aceptado satisfactoriamente
2020-07-03 21:32:33,710 DEBUG com.bitlab.principal.Proyecto4 [main] EL servidor espera conexion en el puerto 8888
2020-07-03 21:32:40,339 DEBUG com.bitlab.principal.Proyecto4 [main] El cliente ha sido aceptado satisfactoriamente
2020-07-03 21:33:45,189 DEBUG com.bitlab.principal.Proyecto4 [main] EL servidor espera conexion en el puerto 8888
2020-07-03 21:33:48,810 DEBUG com.bitlab.principal.Proyecto4 [main] El cliente ha sido aceptado satisfactoriamente
2020-07-03 21:34:52,349 DEBUG com.bitlab.principal.Proyecto4 [main] EL servidor espera conexion en el puerto 8888
2020-07-03 21:34:55,189 DEBUG com.bitlab.principal.Proyecto4 [main] El cliente ha sido aceptado satisfactoriamente
